c:\users\nicon\desktop\2019後期一回目\game_dx12\game_dx12\x64\debug\vc142.pdb
c:\users\nicon\desktop\2019後期一回目\game_dx12\game_dx12\x64\debug\vc142.idb
c:\users\nicon\desktop\2019後期一回目\game_dx12\game_dx12\x64\debug\singleobject.obj
c:\users\nicon\desktop\2019後期一回目\game_dx12\game_dx12\x64\debug\scene_title.obj
c:\users\nicon\desktop\2019後期一回目\game_dx12\game_dx12\x64\debug\scene_main.obj
c:\users\nicon\desktop\2019後期一回目\game_dx12\game_dx12\x64\debug\sceneselect.obj
c:\users\nicon\desktop\2019後期一回目\game_dx12\game_dx12\x64\debug\scene.obj
c:\users\nicon\desktop\2019後期一回目\game_dx12\game_dx12\x64\debug\patrolai.obj
c:\users\nicon\desktop\2019後期一回目\game_dx12\game_dx12\x64\debug\objectmanager.obj
c:\users\nicon\desktop\2019後期一回目\game_dx12\game_dx12\x64\debug\nodedata.obj
c:\users\nicon\desktop\2019後期一回目\game_dx12\game_dx12\x64\debug\multipleobject.obj
c:\users\nicon\desktop\2019後期一回目\game_dx12\game_dx12\x64\debug\main.obj
c:\users\nicon\desktop\2019後期一回目\game_dx12\game_dx12\x64\debug\gamescene.obj
c:\users\nicon\desktop\2019後期一回目\game_dx12\game_dx12\x64\debug\fileoperate.obj
c:\users\nicon\desktop\2019後期一回目\game_dx12\game_dx12\x64\debug\enemy.obj
c:\users\nicon\desktop\2019後期一回目\game_dx12\game_dx12\x64\debug\attackai.obj
c:\users\nicon\desktop\2019後期一回目\game_dx12\game_dx12\x64\debug\ai_manager.obj
e:\学校用\github\download\kdl2\kdl\x64\debug\game_dx12.exe
e:\学校用\github\download\kdl2\kdl\x64\debug\game_dx12.ilk
e:\学校用\github\download\kdl2\kdl\x64\debug\game_dx12.pdb
c:\users\nicon\desktop\2019後期一回目\game_dx12\game_dx12\x64\debug\game_dx12.tlog\cl.command.1.tlog
c:\users\nicon\desktop\2019後期一回目\game_dx12\game_dx12\x64\debug\game_dx12.tlog\cl.read.1.tlog
c:\users\nicon\desktop\2019後期一回目\game_dx12\game_dx12\x64\debug\game_dx12.tlog\cl.write.1.tlog
c:\users\nicon\desktop\2019後期一回目\game_dx12\game_dx12\x64\debug\game_dx12.tlog\link.command.1.tlog
c:\users\nicon\desktop\2019後期一回目\game_dx12\game_dx12\x64\debug\game_dx12.tlog\link.read.1.tlog
c:\users\nicon\desktop\2019後期一回目\game_dx12\game_dx12\x64\debug\game_dx12.tlog\link.write.1.tlog
