  SceneSelect.cpp
C:\Users\2180008\Desktop\後期チーム制作\game_dx12\game_dx12\inc\KDL_Dx12\App.h(1,1): warning C4819: ファイルは、現在のコード ページ (932) で表示できない文字を含んでいます。データの損失を防ぐために、ファイルを Unicode 形式で保存してください。

プロジェクト パフォーマンスの概要:
     3535 ミリ秒  C:\Users\2180008\Desktop\後期チーム制作\game_dx12\game_dx12\game_dx12.vcxproj   1 回呼び出し
               3535 ミリ秒  ClCompile                                  1 回呼び出し

ターゲット パフォーマンスの概要:
        0 ミリ秒  AssignProjectConfiguration                 1 回呼び出し
        0 ミリ秒  ResolveProjectReferences                   1 回呼び出し
        0 ミリ秒  PrepareProjectReferences                   1 回呼び出し
        0 ミリ秒  ResolveAssemblyReferences                  1 回呼び出し
        0 ミリ秒  _SplitProjectReferencesByFileExistence     1 回呼び出し
        0 ミリ秒  SelectClCompile                            1 回呼び出し
        0 ミリ秒  BeforeResolveReferences                    1 回呼び出し
        0 ミリ秒  ComputeCLInputPDBName                      1 回呼び出し
        0 ミリ秒  ComputeMIDLGeneratedCompileInputs          1 回呼び出し
        0 ミリ秒  _SelectedFiles                             1 回呼び出し
        0 ミリ秒  AfterResolveReferences                     1 回呼び出し
        0 ミリ秒  ResolveReferences                          1 回呼び出し
        0 ミリ秒  EnsureNuGetPackageBuildImports             1 回呼び出し
        0 ミリ秒  ComputeReferenceCLInput                    1 回呼び出し
        0 ミリ秒  SetCABuildNativeEnvironmentVariables       1 回呼び出し
        0 ミリ秒  GetReferenceAssemblyPaths                  1 回呼び出し
        0 ミリ秒  GetFrameworkPaths                          1 回呼び出し
        0 ミリ秒  SelectCustomBuild                          1 回呼び出し
        0 ミリ秒  GetResolvedWinMD                           1 回呼び出し
        0 ミリ秒  _PrepareForReferenceResolution             1 回呼び出し
        0 ミリ秒  ResolveSDKReferences                       1 回呼び出し
        1 ミリ秒  ExpandSDKReferences                        1 回呼び出し
        1 ミリ秒  SetBuildDefaultEnvironmentVariables        1 回呼び出し
        1 ミリ秒  _CheckWindowsSDKInstalled                  1 回呼び出し
        1 ミリ秒  _GetProjectReferenceTargetFrameworkProperties   1 回呼び出し
        1 ミリ秒  FixupCLCompileOptions                      1 回呼び出し
        1 ミリ秒  _CheckForInvalidConfigurationAndPlatform   1 回呼び出し
        3 ミリ秒  PrepareForBuild                            1 回呼び出し
        3 ミリ秒  InitializeBuildStatus                      1 回呼び出し
        5 ミリ秒  WarnCompileDuplicatedFilename              1 回呼び出し
     3515 ミリ秒  ClCompile                                  1 回呼び出し

タスク パフォーマンスの概要:
        0 ミリ秒  Message                                    2 回呼び出し
        0 ミリ秒  MakeDir                                    2 回呼び出し
        0 ミリ秒  CheckVCToolsetVersion                      1 回呼び出し
        0 ミリ秒  ReadLinesFromFile                          1 回呼び出し
        0 ミリ秒  AssignProjectConfiguration                 1 回呼び出し
        1 ミリ秒  SetEnv                                     5 回呼び出し
        1 ミリ秒  MSBuild                                    1 回呼び出し
        1 ミリ秒  WriteLinesToFile                           1 回呼び出し
        2 ミリ秒  Touch                                      1 回呼び出し
     3514 ミリ秒  CL                                         1 回呼び出し
