SceneSelect.obj : error LNK2001: 外部シンボル ""public: long __cdecl KDL::DX12::Sprite_Image::AddTextCommands(struct ID3D12GraphicsCommandList *,class KDL::DX12::App *,class std::basic_string<char,struct std::char_traits<char>,class std::allocator<char> > const &,class KDL::MATH::Number2<float> const &,class KDL::MATH::Number2<float> const &,class KDL::MATH::Number2<float> const &,class KDL::MATH::Number2<float> const &,class KDL::MATH::Number2<float> const &,float,class KDL::MATH::Number4<float> const &,class KDL::MATH::Number4<float> const &,class KDL::MATH::Number4<float> const &,class KDL::MATH::Number4<float> const &,int,bool,bool)" (?AddTextCommands@Sprite_Image@DX12@KDL@@QEAAJPEAUID3D12GraphicsCommandList@@PEAVApp@23@AEBV?$basic_string@DU?$char_traits@D@std@@V?$allocator@D@2@@std@@AEBV?$Number2@M@MATH@3@3333MAEBV?$Number4@M@93@444H_N5@Z)" は未解決です。
C:\Users\2180008\Desktop\後期チーム制作\game_dx12\x64\Release\game_dx12.exe : fatal error LNK1120: 1 件の未解決の外部参照

プロジェクト パフォーマンスの概要:
     1655 ミリ秒  C:\Users\2180008\Desktop\後期チーム制作\game_dx12\game_dx12\game_dx12.vcxproj   1 回呼び出し
               1655 ミリ秒  Build                                      1 回呼び出し

ターゲット パフォーマンスの概要:
        0 ミリ秒  AfterBuildGenerateSourcesEvent             1 回呼び出し
        0 ミリ秒  AssignTargetPaths                          1 回呼び出し
        0 ミリ秒  _Midl                                      1 回呼び出し
        0 ミリ秒  AfterBuildGenerateSources                  1 回呼び出し
        0 ミリ秒  _BuildGenerateSourcesAction                1 回呼び出し
        0 ミリ秒  BuildGenerateSources                       1 回呼び出し
        0 ミリ秒  BuildCompileTraverse                       1 回呼び出し
        0 ミリ秒  BeforeClCompile                            1 回呼び出し
        0 ミリ秒  ComputeCLInputPDBName                      1 回呼び出し
        0 ミリ秒  ComputeReferenceCLInput                    1 回呼び出し
        0 ミリ秒  PrepareResourceNames                       1 回呼び出し
        0 ミリ秒  SelectClCompile                            1 回呼び出し
        0 ミリ秒  CreateCustomManifestResourceNames          1 回呼び出し
        0 ミリ秒  AfterClCompile                             1 回呼び出し
        0 ミリ秒  MakeDirsForMidl                            1 回呼び出し
        0 ミリ秒  _ClCompile                                 1 回呼び出し
        0 ミリ秒  AfterResourceCompile                       1 回呼び出し
        0 ミリ秒  _ResourceCompile                           1 回呼び出し
        0 ミリ秒  AfterBuildCompileEvent                     1 回呼び出し
        0 ミリ秒  _BuildCompileAction                        1 回呼び出し
        0 ミリ秒  BuildCompile                               1 回呼び出し
        0 ミリ秒  BuildLinkTraverse                          1 回呼び出し
        0 ミリ秒  ComputeLegacyManifestEmbedding             1 回呼び出し
        0 ミリ秒  BeforeLink                                 1 回呼び出し
        0 ミリ秒  ComputeRCOutputs                           1 回呼び出し
        0 ミリ秒  ComputeRCGeneratedLinkInputs               1 回呼び出し
        0 ミリ秒  ComputeManifestGeneratedLinkerInputs       1 回呼び出し
        0 ミリ秒  ComputeCLGeneratedLinkInputs               1 回呼び出し
        0 ミリ秒  ComputeLinkInputsFromProject               1 回呼び出し
        0 ミリ秒  BeforeResourceCompile                      1 回呼び出し
        0 ミリ秒  _Xsd                                       1 回呼び出し
        0 ミリ秒  AfterMidl                                  1 回呼び出し
        0 ミリ秒  SetCABuildNativeEnvironmentVariables       1 回呼び出し
        0 ミリ秒  _PrepareForReferenceResolution             1 回呼び出し
        0 ミリ秒  BeforeResolveReferences                    1 回呼び出し
        0 ミリ秒  AssignProjectConfiguration                 1 回呼び出し
        0 ミリ秒  _SplitProjectReferencesByFileExistence     1 回呼び出し
        0 ミリ秒  PrepareProjectReferences                   1 回呼び出し
        0 ミリ秒  ResolveProjectReferences                   1 回呼び出し
        0 ミリ秒  GetReferenceAssemblyPaths                  1 回呼び出し
        0 ミリ秒  SetBuildDefaultEnvironmentVariables        1 回呼び出し
        0 ミリ秒  GetResolvedWinMD                           1 回呼び出し
        0 ミリ秒  _CheckWindowsSDKInstalled                  1 回呼び出し
        0 ミリ秒  CopyFileToFolders                          1 回呼び出し
        0 ミリ秒  EnsureNuGetPackageBuildImports             1 回呼び出し
        0 ミリ秒  PreLinkEvent                               1 回呼び出し
        0 ミリ秒  BeforeBuildGenerateSources                 1 回呼び出し
        0 ミリ秒  ComputeCustomBuildOutput                   1 回呼び出し
        0 ミリ秒  SelectCustomBuild                          1 回呼び出し
        0 ミリ秒  _SelectedFiles                             1 回呼び出し
        0 ミリ秒  ExpandSDKReferences                        1 回呼び出し
        0 ミリ秒  DoLinkOutputFilesMatch                     1 回呼び出し
        0 ミリ秒  SetTelemetryEnvironmentVariables           1 回呼び出し
        0 ミリ秒  AfterResolveReferences                     1 回呼び出し
        0 ミリ秒  ResolveAssemblyReferences                  1 回呼び出し
        0 ミリ秒  ResolveReferences                          1 回呼び出し
        1 ミリ秒  ResolveSDKReferences                       1 回呼び出し
        1 ミリ秒  _PrepareForBuild                           1 回呼び出し
        1 ミリ秒  MakeDirsForResourceCompile                 1 回呼び出し
        1 ミリ秒  MakeDirsForLink                            1 回呼び出し
        1 ミリ秒  ComputeMIDLGeneratedCompileInputs          1 回呼び出し
        1 ミリ秒  PreBuildEvent                              1 回呼び出し
        1 ミリ秒  ComputeCLOutputs                           1 回呼び出し
        1 ミリ秒  ComputeManifestInputsTargets               1 回呼び出し
        1 ミリ秒  _GetProjectReferenceTargetFrameworkProperties   1 回呼び出し
        1 ミリ秒  GetFrameworkPaths                          1 回呼び出し
        1 ミリ秒  FixupCLCompileOptions                      1 回呼び出し
        1 ミリ秒  MakeDirsForCl                              1 回呼び出し
        1 ミリ秒  CustomBuild                                1 回呼び出し
        1 ミリ秒  ComputeLinkSwitches                        1 回呼び出し
        1 ミリ秒  SplitResourcesByCulture                    1 回呼び出し
        2 ミリ秒  _CheckForInvalidConfigurationAndPlatform   1 回呼び出し
        3 ミリ秒  WarnCompileDuplicatedFilename              1 回呼び出し
        3 ミリ秒  BuildGenerateSourcesTraverse               1 回呼び出し
        3 ミリ秒  InitializeBuildStatus                      1 回呼び出し
        3 ミリ秒  PrepareForBuild                            1 回呼び出し
       28 ミリ秒  ClCompile                                  1 回呼び出し
     1597 ミリ秒  Link                                       1 回呼び出し

タスク パフォーマンスの概要:
        0 ミリ秒  Message                                    2 回呼び出し
        0 ミリ秒  SetEnv                                     8 回呼び出し
        0 ミリ秒  AssignProjectConfiguration                 1 回呼び出し
        0 ミリ秒  CheckVCToolsetVersion                      1 回呼び出し
        0 ミリ秒  ReadLinesFromFile                          1 回呼び出し
        0 ミリ秒  GetOutOfDateItems                          3 回呼び出し
        0 ミリ秒  AssignTargetPath                           4 回呼び出し
        0 ミリ秒  AssignCulture                              1 回呼び出し
        1 ミリ秒  Touch                                      1 回呼び出し
        1 ミリ秒  MSBuild                                    1 回呼び出し
        1 ミリ秒  WriteLinesToFile                           1 回呼び出し
        2 ミリ秒  MakeDir                                    7 回呼び出し
       25 ミリ秒  CL                                         1 回呼び出し
     1595 ミリ秒  Link                                       1 回呼び出し
