c:\users\nicon\desktop\2019後期一回目\game_dx12\game_dx12\x64\release\vc142.pdb
c:\users\nicon\desktop\2019後期一回目\game_dx12\game_dx12\x64\release\singleobject.obj
c:\users\nicon\desktop\2019後期一回目\game_dx12\game_dx12\x64\release\scene_title.obj
c:\users\nicon\desktop\2019後期一回目\game_dx12\game_dx12\x64\release\scene_main.obj
c:\users\nicon\desktop\2019後期一回目\game_dx12\game_dx12\x64\release\sceneselect.obj
c:\users\nicon\desktop\2019後期一回目\game_dx12\game_dx12\x64\release\scene.obj
c:\users\nicon\desktop\2019後期一回目\game_dx12\game_dx12\x64\release\patrolai.obj
c:\users\nicon\desktop\2019後期一回目\game_dx12\game_dx12\x64\release\objectmanager.obj
c:\users\nicon\desktop\2019後期一回目\game_dx12\game_dx12\x64\release\nodedata.obj
c:\users\nicon\desktop\2019後期一回目\game_dx12\game_dx12\x64\release\multipleobject.obj
c:\users\nicon\desktop\2019後期一回目\game_dx12\game_dx12\x64\release\main.obj
c:\users\nicon\desktop\2019後期一回目\game_dx12\game_dx12\x64\release\gamescene.obj
c:\users\nicon\desktop\2019後期一回目\game_dx12\game_dx12\x64\release\fileoperate.obj
c:\users\nicon\desktop\2019後期一回目\game_dx12\game_dx12\x64\release\enemy.obj
c:\users\nicon\desktop\2019後期一回目\game_dx12\game_dx12\x64\release\attackai.obj
c:\users\nicon\desktop\2019後期一回目\game_dx12\game_dx12\x64\release\ai_manager.obj
c:\users\2180008\desktop\後期チーム制作\game_dx12\x64\release\game_dx12.ipdb
c:\users\2180008\desktop\後期チーム制作\game_dx12\x64\release\game_dx12.iobj
e:\学校用\github\download\kdl2\kdl\x64\release\game_dx12.ipdb
e:\学校用\github\download\kdl2\kdl\x64\release\game_dx12.iobj
c:\users\2180008\desktop\後期チーム制作\game_dx12\x64\release\game_dx12.exe
c:\users\2180008\desktop\後期チーム制作\game_dx12\x64\release\game_dx12.pdb
e:\学校用\github\download\kdl2\kdl\x64\release\game_dx12.exe
e:\学校用\github\download\kdl2\kdl\x64\release\game_dx12.pdb
d:\program\個人\git\game_dx12\game_dx12\game_dx12\x64\release\ai_manager.obj
d:\program\個人\git\game_dx12\game_dx12\game_dx12\x64\release\attackai.obj
d:\program\個人\git\game_dx12\game_dx12\game_dx12\x64\release\enemy.obj
d:\program\個人\git\game_dx12\game_dx12\game_dx12\x64\release\fileoperate.obj
d:\program\個人\git\game_dx12\game_dx12\game_dx12\x64\release\gamescene.obj
d:\program\個人\git\game_dx12\game_dx12\game_dx12\x64\release\main.obj
d:\program\個人\git\game_dx12\game_dx12\game_dx12\x64\release\multipleobject.obj
d:\program\個人\git\game_dx12\game_dx12\game_dx12\x64\release\nodedata.obj
d:\program\個人\git\game_dx12\game_dx12\game_dx12\x64\release\objectmanager.obj
d:\program\個人\git\game_dx12\game_dx12\game_dx12\x64\release\patrolai.obj
d:\program\個人\git\game_dx12\game_dx12\game_dx12\x64\release\scene.obj
d:\program\個人\git\game_dx12\game_dx12\game_dx12\x64\release\sceneselect.obj
d:\program\個人\git\game_dx12\game_dx12\game_dx12\x64\release\scene_main.obj
d:\program\個人\git\game_dx12\game_dx12\game_dx12\x64\release\scene_title.obj
d:\program\個人\git\game_dx12\game_dx12\game_dx12\x64\release\singleobject.obj
d:\program\個人\git\game_dx12\game_dx12\game_dx12\x64\release\vc142.pdb
d:\program\個人\git\game_dx12\game_dx12\x64\release\game_dx12.pdb
d:\program\個人\git\game_dx12\game_dx12\x64\release\game_dx12.exe
d:\program\個人\git\game_dx12\game_dx12\game_dx12\x64\release\game_dx12.tlog\cl.command.1.tlog
d:\program\個人\git\game_dx12\game_dx12\game_dx12\x64\release\game_dx12.tlog\cl.read.1.tlog
d:\program\個人\git\game_dx12\game_dx12\game_dx12\x64\release\game_dx12.tlog\cl.write.1.tlog
d:\program\個人\git\game_dx12\game_dx12\game_dx12\x64\release\game_dx12.tlog\game_dx12.write.1u.tlog
d:\program\個人\git\game_dx12\game_dx12\game_dx12\x64\release\game_dx12.tlog\link.command.1.tlog
d:\program\個人\git\game_dx12\game_dx12\game_dx12\x64\release\game_dx12.tlog\link.delete.1.tlog
d:\program\個人\git\game_dx12\game_dx12\game_dx12\x64\release\game_dx12.tlog\link.read.1.tlog
d:\program\個人\git\game_dx12\game_dx12\game_dx12\x64\release\game_dx12.tlog\link.write.1.tlog
